<?xml version="1.0" encoding="UTF-8"?>
<Site BuildName="Linux-clang++-14"
	BuildStamp="20240124-0637-Continuous"
	Name="hys-HP-Pro-Tower-288-G9-PCI-Desktop-PC"
	Generator="ctest-3.22.1"
	CompilerName="/usr/bin/clang++-14"
	CompilerVersion="14.0.0"
	OSName="Linux"
	Hostname="hys-HP-Pro-Tower-288-G9-PCI-Desktop-PC"
	OSRelease="6.5.0-14-generic"
	OSVersion="#14~22.04.1-Ubuntu SMP PREEMPT_DYNAMIC Mon Nov 20 18:15:30 UTC 2"
	OSPlatform="x86_64"
	Is64Bits="1"
	VendorString="GenuineIntel"
	VendorID="Intel Corporation"
	FamilyID="6"
	ModelID="151"
	ProcessorCacheSize="25600"
	NumberOfLogicalCPU="20"
	NumberOfPhysicalCPU="12"
	TotalVirtualMemory="2047"
	TotalPhysicalMemory="31771"
	LogicalProcessorsPerPhysical="1"
	ProcessorClockFrequency="3600"
	>
	<Configure>
		<StartDateTime>Jan 24 14:37 CST</StartDateTime>
		<StartConfigureTime>1706078254</StartConfigureTime>
		<ConfigureCommand>"/usr/bin/cmake" "/home/hys/MyLab/C++_Lab/C++_STL_Test"</ConfigureCommand>
		<Log>-- Configuring done
-- Generating done
-- Build files have been written to: /home/hys/MyLab/C++_Lab/C++_STL_Test/build
</Log>
		<ConfigureStatus>0</ConfigureStatus>
		<EndDateTime>Jan 24 14:37 CST</EndDateTime>
		<EndConfigureTime>1706078254</EndConfigureTime>
		<ElapsedMinutes>0</ElapsedMinutes>
	</Configure>
</Site>
