<?xml version="1.0" encoding="UTF-8"?>
<Site BuildName="Linux-clang++-14"
	BuildStamp="20240124-0326-Experimental"
	Name="hys-HP-Pro-Tower-288-G9-PCI-Desktop-PC"
	Generator="ctest-3.22.1"
	CompilerName="/usr/bin/clang++-14"
	CompilerVersion="14.0.0"
	OSName="Linux"
	Hostname="hys-HP-Pro-Tower-288-G9-PCI-Desktop-PC"
	OSRelease="6.5.0-14-generic"
	OSVersion="#14~22.04.1-Ubuntu SMP PREEMPT_DYNAMIC Mon Nov 20 18:15:30 UTC 2"
	OSPlatform="x86_64"
	Is64Bits="1"
	VendorString="GenuineIntel"
	VendorID="Intel Corporation"
	FamilyID="6"
	ModelID="151"
	ProcessorCacheSize="25600"
	NumberOfLogicalCPU="20"
	NumberOfPhysicalCPU="12"
	TotalVirtualMemory="2047"
	TotalPhysicalMemory="31771"
	LogicalProcessorsPerPhysical="1"
	ProcessorClockFrequency="3288.9"
	>
	<Testing>
		<StartDateTime>Jan 24 14:36 CST</StartDateTime>
		<StartTestTime>1706078200</StartTestTime>
		<TestList/>
		<EndDateTime>Jan 24 14:36 CST</EndDateTime>
		<EndTestTime>1706078200</EndTestTime>
		<ElapsedMinutes>0</ElapsedMinutes>
	</Testing>
</Site>
